0 info it worked if it ends with ok
1 verbose cli [ 'F:\\Program Files (x86)\\nodejs\\node.exe',
1 verbose cli   'C:\\Users\\ben\\AppData\\Roaming\\npm\\node_modules\\npm\\bin\\npm-cli.js',
1 verbose cli   'update',
1 verbose cli   '-g' ]
2 info using npm@3.9.6
3 info using node@v4.4.5
4 silly mapToRegistry name angular-cli
5 silly mapToRegistry using default registry
6 silly mapToRegistry registry https://registry.npmjs.org/
7 silly mapToRegistry data Result {
7 silly mapToRegistry   raw: 'angular-cli',
7 silly mapToRegistry   scope: null,
7 silly mapToRegistry   name: 'angular-cli',
7 silly mapToRegistry   rawSpec: '',
7 silly mapToRegistry   spec: 'latest',
7 silly mapToRegistry   type: 'tag' }
8 silly mapToRegistry uri https://registry.npmjs.org/angular-cli
9 silly mapToRegistry name bower
10 silly mapToRegistry using default registry
11 silly mapToRegistry registry https://registry.npmjs.org/
12 silly mapToRegistry data Result {
12 silly mapToRegistry   raw: 'bower',
12 silly mapToRegistry   scope: null,
12 silly mapToRegistry   name: 'bower',
12 silly mapToRegistry   rawSpec: '',
12 silly mapToRegistry   spec: 'latest',
12 silly mapToRegistry   type: 'tag' }
13 silly mapToRegistry uri https://registry.npmjs.org/bower
14 silly mapToRegistry name cordova
15 silly mapToRegistry using default registry
16 silly mapToRegistry registry https://registry.npmjs.org/
17 silly mapToRegistry data Result {
17 silly mapToRegistry   raw: 'cordova',
17 silly mapToRegistry   scope: null,
17 silly mapToRegistry   name: 'cordova',
17 silly mapToRegistry   rawSpec: '',
17 silly mapToRegistry   spec: 'latest',
17 silly mapToRegistry   type: 'tag' }
18 silly mapToRegistry uri https://registry.npmjs.org/cordova
19 silly mapToRegistry name firebase-tools
20 silly mapToRegistry using default registry
21 silly mapToRegistry registry https://registry.npmjs.org/
22 silly mapToRegistry data Result {
22 silly mapToRegistry   raw: 'firebase-tools',
22 silly mapToRegistry   scope: null,
22 silly mapToRegistry   name: 'firebase-tools',
22 silly mapToRegistry   rawSpec: '',
22 silly mapToRegistry   spec: 'latest',
22 silly mapToRegistry   type: 'tag' }
23 silly mapToRegistry uri https://registry.npmjs.org/firebase-tools
24 silly mapToRegistry name gitbook
25 silly mapToRegistry using default registry
26 silly mapToRegistry registry https://registry.npmjs.org/
27 silly mapToRegistry data Result {
27 silly mapToRegistry   raw: 'gitbook',
27 silly mapToRegistry   scope: null,
27 silly mapToRegistry   name: 'gitbook',
27 silly mapToRegistry   rawSpec: '',
27 silly mapToRegistry   spec: 'latest',
27 silly mapToRegistry   type: 'tag' }
28 silly mapToRegistry uri https://registry.npmjs.org/gitbook
29 silly mapToRegistry name gitbook-cli
30 silly mapToRegistry using default registry
31 silly mapToRegistry registry https://registry.npmjs.org/
32 silly mapToRegistry data Result {
32 silly mapToRegistry   raw: 'gitbook-cli',
32 silly mapToRegistry   scope: null,
32 silly mapToRegistry   name: 'gitbook-cli',
32 silly mapToRegistry   rawSpec: '',
32 silly mapToRegistry   spec: 'latest',
32 silly mapToRegistry   type: 'tag' }
33 silly mapToRegistry uri https://registry.npmjs.org/gitbook-cli
34 silly mapToRegistry name grunt-cli
35 silly mapToRegistry using default registry
36 silly mapToRegistry registry https://registry.npmjs.org/
37 silly mapToRegistry data Result {
37 silly mapToRegistry   raw: 'grunt-cli',
37 silly mapToRegistry   scope: null,
37 silly mapToRegistry   name: 'grunt-cli',
37 silly mapToRegistry   rawSpec: '',
37 silly mapToRegistry   spec: 'latest',
37 silly mapToRegistry   type: 'tag' }
38 silly mapToRegistry uri https://registry.npmjs.org/grunt-cli
39 silly mapToRegistry name gulp
40 silly mapToRegistry using default registry
41 silly mapToRegistry registry https://registry.npmjs.org/
42 silly mapToRegistry data Result {
42 silly mapToRegistry   raw: 'gulp',
42 silly mapToRegistry   scope: null,
42 silly mapToRegistry   name: 'gulp',
42 silly mapToRegistry   rawSpec: '',
42 silly mapToRegistry   spec: 'latest',
42 silly mapToRegistry   type: 'tag' }
43 silly mapToRegistry uri https://registry.npmjs.org/gulp
44 silly mapToRegistry name hexo-cli
45 silly mapToRegistry using default registry
46 silly mapToRegistry registry https://registry.npmjs.org/
47 silly mapToRegistry data Result {
47 silly mapToRegistry   raw: 'hexo-cli',
47 silly mapToRegistry   scope: null,
47 silly mapToRegistry   name: 'hexo-cli',
47 silly mapToRegistry   rawSpec: '',
47 silly mapToRegistry   spec: 'latest',
47 silly mapToRegistry   type: 'tag' }
48 silly mapToRegistry uri https://registry.npmjs.org/hexo-cli
49 silly mapToRegistry name ionic
50 silly mapToRegistry using default registry
51 silly mapToRegistry registry https://registry.npmjs.org/
52 silly mapToRegistry data Result {
52 silly mapToRegistry   raw: 'ionic',
52 silly mapToRegistry   scope: null,
52 silly mapToRegistry   name: 'ionic',
52 silly mapToRegistry   rawSpec: '',
52 silly mapToRegistry   spec: 'latest',
52 silly mapToRegistry   type: 'tag' }
53 silly mapToRegistry uri https://registry.npmjs.org/ionic
54 silly mapToRegistry name jshint
55 silly mapToRegistry using default registry
56 silly mapToRegistry registry https://registry.npmjs.org/
57 silly mapToRegistry data Result {
57 silly mapToRegistry   raw: 'jshint',
57 silly mapToRegistry   scope: null,
57 silly mapToRegistry   name: 'jshint',
57 silly mapToRegistry   rawSpec: '',
57 silly mapToRegistry   spec: 'latest',
57 silly mapToRegistry   type: 'tag' }
58 silly mapToRegistry uri https://registry.npmjs.org/jshint
59 silly mapToRegistry name localtunnel
60 silly mapToRegistry using default registry
61 silly mapToRegistry registry https://registry.npmjs.org/
62 silly mapToRegistry data Result {
62 silly mapToRegistry   raw: 'localtunnel',
62 silly mapToRegistry   scope: null,
62 silly mapToRegistry   name: 'localtunnel',
62 silly mapToRegistry   rawSpec: '',
62 silly mapToRegistry   spec: 'latest',
62 silly mapToRegistry   type: 'tag' }
63 silly mapToRegistry uri https://registry.npmjs.org/localtunnel
64 silly mapToRegistry name npm
65 silly mapToRegistry using default registry
66 silly mapToRegistry registry https://registry.npmjs.org/
67 silly mapToRegistry data Result {
67 silly mapToRegistry   raw: 'npm',
67 silly mapToRegistry   scope: null,
67 silly mapToRegistry   name: 'npm',
67 silly mapToRegistry   rawSpec: '',
67 silly mapToRegistry   spec: 'latest',
67 silly mapToRegistry   type: 'tag' }
68 silly mapToRegistry uri https://registry.npmjs.org/npm
69 silly mapToRegistry name typescript
70 silly mapToRegistry using default registry
71 silly mapToRegistry registry https://registry.npmjs.org/
72 silly mapToRegistry data Result {
72 silly mapToRegistry   raw: 'typescript',
72 silly mapToRegistry   scope: null,
72 silly mapToRegistry   name: 'typescript',
72 silly mapToRegistry   rawSpec: '',
72 silly mapToRegistry   spec: 'latest',
72 silly mapToRegistry   type: 'tag' }
73 silly mapToRegistry uri https://registry.npmjs.org/typescript
74 silly mapToRegistry name vs-tac
75 silly mapToRegistry using default registry
76 silly mapToRegistry registry https://registry.npmjs.org/
77 silly mapToRegistry data Result {
77 silly mapToRegistry   raw: 'vs-tac',
77 silly mapToRegistry   scope: null,
77 silly mapToRegistry   name: 'vs-tac',
77 silly mapToRegistry   rawSpec: '',
77 silly mapToRegistry   spec: 'latest',
77 silly mapToRegistry   type: 'tag' }
78 silly mapToRegistry uri https://registry.npmjs.org/vs-tac
79 verbose request uri https://registry.npmjs.org/vs-tac
80 verbose request no auth needed
81 info attempt registry request try #1 at 15:48:44
82 verbose request id 453c71cbd18df49d
83 http request GET https://registry.npmjs.org/vs-tac
84 verbose request uri https://registry.npmjs.org/angular-cli
85 verbose request no auth needed
86 info attempt registry request try #1 at 15:48:44
87 verbose etag "CPAAVIRAIBZA29GFA18A8IRRP"
88 http request GET https://registry.npmjs.org/angular-cli
89 verbose request uri https://registry.npmjs.org/bower
90 verbose request no auth needed
91 info attempt registry request try #1 at 15:48:44
92 verbose etag "2NZKKF5GB4SLG5IVHB8R2GSVR"
93 http request GET https://registry.npmjs.org/bower
94 verbose request uri https://registry.npmjs.org/cordova
95 verbose request no auth needed
96 info attempt registry request try #1 at 15:48:44
97 verbose etag "4XVZ6U0AY26NN4F3F2SK2ZW8N"
98 http request GET https://registry.npmjs.org/cordova
99 verbose request uri https://registry.npmjs.org/firebase-tools
100 verbose request no auth needed
101 info attempt registry request try #1 at 15:48:44
102 verbose etag "F2J9UIVRW5LJ0OP9WFPS3HTRZ"
103 http request GET https://registry.npmjs.org/firebase-tools
104 verbose request uri https://registry.npmjs.org/gitbook
105 verbose request no auth needed
106 info attempt registry request try #1 at 15:48:44
107 verbose etag "4W2ON5JB7X1ONVG3XXWYGED5K"
108 http request GET https://registry.npmjs.org/gitbook
109 verbose request uri https://registry.npmjs.org/gulp
110 verbose request no auth needed
111 info attempt registry request try #1 at 15:48:44
112 verbose etag "AYSXXY9KX45M06EFQ6KCRAXB"
113 http request GET https://registry.npmjs.org/gulp
114 verbose request uri https://registry.npmjs.org/gitbook-cli
115 verbose request no auth needed
116 info attempt registry request try #1 at 15:48:44
117 verbose etag "2VHYN3TI0BERG77MKSB6ZYIR3"
118 http request GET https://registry.npmjs.org/gitbook-cli
119 verbose request uri https://registry.npmjs.org/hexo-cli
120 verbose request no auth needed
121 info attempt registry request try #1 at 15:48:44
122 verbose etag "8GPIIL9TMJ7642664SKQ52TI2"
123 http request GET https://registry.npmjs.org/hexo-cli
124 verbose request uri https://registry.npmjs.org/localtunnel
125 verbose request no auth needed
126 info attempt registry request try #1 at 15:48:44
127 verbose etag "6TVJ6LJIM7AEEDQQGEWIMY8JH"
128 http request GET https://registry.npmjs.org/localtunnel
129 verbose request uri https://registry.npmjs.org/grunt-cli
130 verbose request no auth needed
131 info attempt registry request try #1 at 15:48:44
132 verbose etag "YA82KG6OIE3UNQW6I4JEIZ8G"
133 http request GET https://registry.npmjs.org/grunt-cli
134 verbose request uri https://registry.npmjs.org/ionic
135 verbose request no auth needed
136 info attempt registry request try #1 at 15:48:44
137 verbose etag "C0QCEKOE40PEX98PC9QQ70CX3"
138 http request GET https://registry.npmjs.org/ionic
139 verbose request uri https://registry.npmjs.org/typescript
140 verbose request no auth needed
141 info attempt registry request try #1 at 15:48:44
142 verbose etag "82GT15RGI40TYDF097CR6SUCO"
143 http request GET https://registry.npmjs.org/typescript
144 verbose request uri https://registry.npmjs.org/npm
145 verbose request no auth needed
146 info attempt registry request try #1 at 15:48:44
147 verbose etag "ER5C4G5KKJFL7XB4SMD4QN13X"
148 http request GET https://registry.npmjs.org/npm
149 verbose request uri https://registry.npmjs.org/jshint
150 verbose request no auth needed
151 info attempt registry request try #1 at 15:48:44
152 verbose etag "5RWXQAELSKYUS2HZDVDOAQW8F"
153 http request GET https://registry.npmjs.org/jshint
154 http 200 https://registry.npmjs.org/grunt-cli
155 verbose headers { server: 'CouchDB/1.5.0 (Erlang OTP/R16B03)',
155 verbose headers   etag: '"8NSMDKO9YT07KOIEPENRAYD9V"',
155 verbose headers   'content-type': 'application/json',
155 verbose headers   'content-encoding': 'gzip',
155 verbose headers   'cache-control': 'max-age=300',
155 verbose headers   'content-length': '5914',
155 verbose headers   'accept-ranges': 'bytes',
155 verbose headers   date: 'Sun, 17 Jul 2016 07:48:37 GMT',
155 verbose headers   via: '1.1 varnish',
155 verbose headers   age: '153',
155 verbose headers   connection: 'keep-alive',
155 verbose headers   'x-served-by': 'cache-hkg6821-HKG',
155 verbose headers   'x-cache': 'HIT',
155 verbose headers   'x-cache-hits': '1',
155 verbose headers   'x-timer': 'S1468741717.773480,VS0,VE0',
155 verbose headers   vary: 'Accept-Encoding' }
156 silly get cb [ 200,
156 silly get   { server: 'CouchDB/1.5.0 (Erlang OTP/R16B03)',
156 silly get     etag: '"8NSMDKO9YT07KOIEPENRAYD9V"',
156 silly get     'content-type': 'application/json',
156 silly get     'content-encoding': 'gzip',
156 silly get     'cache-control': 'max-age=300',
156 silly get     'content-length': '5914',
156 silly get     'accept-ranges': 'bytes',
156 silly get     date: 'Sun, 17 Jul 2016 07:48:37 GMT',
156 silly get     via: '1.1 varnish',
156 silly get     age: '153',
156 silly get     connection: 'keep-alive',
156 silly get     'x-served-by': 'cache-hkg6821-HKG',
156 silly get     'x-cache': 'HIT',
156 silly get     'x-cache-hits': '1',
156 silly get     'x-timer': 'S1468741717.773480,VS0,VE0',
156 silly get     vary: 'Accept-Encoding' } ]
157 verbose get saving grunt-cli to C:\Users\ben\AppData\Roaming\npm-cache\registry.npmjs.org\grunt-cli\.cache.json
158 verbose correctMkdir C:\Users\ben\AppData\Roaming\npm-cache correctMkdir not in flight; initializing
159 http 304 https://registry.npmjs.org/localtunnel
160 verbose headers { date: 'Sun, 17 Jul 2016 07:48:37 GMT',
160 verbose headers   via: '1.1 varnish',
160 verbose headers   'cache-control': 'max-age=300',
160 verbose headers   etag: '"6TVJ6LJIM7AEEDQQGEWIMY8JH"',
160 verbose headers   age: '41',
160 verbose headers   connection: 'keep-alive',
160 verbose headers   'x-served-by': 'cache-hkg6823-HKG',
160 verbose headers   'x-cache': 'HIT',
160 verbose headers   'x-cache-hits': '1',
160 verbose headers   'x-timer': 'S1468741717.779131,VS0,VE0',
160 verbose headers   vary: 'Accept-Encoding' }
161 silly get cb [ 304,
161 silly get   { date: 'Sun, 17 Jul 2016 07:48:37 GMT',
161 silly get     via: '1.1 varnish',
161 silly get     'cache-control': 'max-age=300',
161 silly get     etag: '"6TVJ6LJIM7AEEDQQGEWIMY8JH"',
161 silly get     age: '41',
161 silly get     connection: 'keep-alive',
161 silly get     'x-served-by': 'cache-hkg6823-HKG',
161 silly get     'x-cache': 'HIT',
161 silly get     'x-cache-hits': '1',
161 silly get     'x-timer': 'S1468741717.779131,VS0,VE0',
161 silly get     vary: 'Accept-Encoding' } ]
162 verbose etag https://registry.npmjs.org/localtunnel from cache
163 verbose get saving localtunnel to C:\Users\ben\AppData\Roaming\npm-cache\registry.npmjs.org\localtunnel\.cache.json
164 verbose correctMkdir C:\Users\ben\AppData\Roaming\npm-cache correctMkdir already in flight; waiting
165 http 200 https://registry.npmjs.org/firebase-tools
166 verbose headers { server: 'CouchDB/1.5.0 (Erlang OTP/R16B03)',
166 verbose headers   etag: '"65QVUVBEOQO7T39ZA2L5JZDV"',
166 verbose headers   'content-type': 'application/json',
166 verbose headers   'content-encoding': 'gzip',
166 verbose headers   'cache-control': 'max-age=300',
166 verbose headers   'content-length': '9366',
166 verbose headers   'accept-ranges': 'bytes',
166 verbose headers   date: 'Sun, 17 Jul 2016 07:48:37 GMT',
166 verbose headers   via: '1.1 varnish',
166 verbose headers   age: '106',
166 verbose headers   connection: 'keep-alive',
166 verbose headers   'x-served-by': 'cache-hkg6826-HKG',
166 verbose headers   'x-cache': 'HIT',
166 verbose headers   'x-cache-hits': '2',
166 verbose headers   'x-timer': 'S1468741717.775898,VS0,VE0',
166 verbose headers   vary: 'Accept-Encoding' }
167 silly get cb [ 200,
167 silly get   { server: 'CouchDB/1.5.0 (Erlang OTP/R16B03)',
167 silly get     etag: '"65QVUVBEOQO7T39ZA2L5JZDV"',
167 silly get     'content-type': 'application/json',
167 silly get     'content-encoding': 'gzip',
167 silly get     'cache-control': 'max-age=300',
167 silly get     'content-length': '9366',
167 silly get     'accept-ranges': 'bytes',
167 silly get     date: 'Sun, 17 Jul 2016 07:48:37 GMT',
167 silly get     via: '1.1 varnish',
167 silly get     age: '106',
167 silly get     connection: 'keep-alive',
167 silly get     'x-served-by': 'cache-hkg6826-HKG',
167 silly get     'x-cache': 'HIT',
167 silly get     'x-cache-hits': '2',
167 silly get     'x-timer': 'S1468741717.775898,VS0,VE0',
167 silly get     vary: 'Accept-Encoding' } ]
168 verbose get saving firebase-tools to C:\Users\ben\AppData\Roaming\npm-cache\registry.npmjs.org\firebase-tools\.cache.json
169 verbose correctMkdir C:\Users\ben\AppData\Roaming\npm-cache correctMkdir not in flight; initializing
170 http 200 https://registry.npmjs.org/gulp
171 verbose headers { server: 'CouchDB/1.5.0 (Erlang OTP/R16B03)',
171 verbose headers   etag: '"9PBNUOUEPM7C7MRLB9FX3DO73"',
171 verbose headers   'content-type': 'application/json',
171 verbose headers   'content-encoding': 'gzip',
171 verbose headers   'cache-control': 'max-age=300',
171 verbose headers   'content-length': '18582',
171 verbose headers   'accept-ranges': 'bytes',
171 verbose headers   date: 'Sun, 17 Jul 2016 07:48:37 GMT',
171 verbose headers   via: '1.1 varnish',
171 verbose headers   age: '26',
171 verbose headers   connection: 'keep-alive',
171 verbose headers   'x-served-by': 'cache-hkg6827-HKG',
171 verbose headers   'x-cache': 'HIT',
171 verbose headers   'x-cache-hits': '12',
171 verbose headers   'x-timer': 'S1468741717.763270,VS0,VE0',
171 verbose headers   vary: 'Accept-Encoding' }
172 silly get cb [ 200,
172 silly get   { server: 'CouchDB/1.5.0 (Erlang OTP/R16B03)',
172 silly get     etag: '"9PBNUOUEPM7C7MRLB9FX3DO73"',
172 silly get     'content-type': 'application/json',
172 silly get     'content-encoding': 'gzip',
172 silly get     'cache-control': 'max-age=300',
172 silly get     'content-length': '18582',
172 silly get     'accept-ranges': 'bytes',
172 silly get     date: 'Sun, 17 Jul 2016 07:48:37 GMT',
172 silly get     via: '1.1 varnish',
172 silly get     age: '26',
172 silly get     connection: 'keep-alive',
172 silly get     'x-served-by': 'cache-hkg6827-HKG',
172 silly get     'x-cache': 'HIT',
172 silly get     'x-cache-hits': '12',
172 silly get     'x-timer': 'S1468741717.763270,VS0,VE0',
172 silly get     vary: 'Accept-Encoding' } ]
173 verbose get saving gulp to C:\Users\ben\AppData\Roaming\npm-cache\registry.npmjs.org\gulp\.cache.json
174 verbose correctMkdir C:\Users\ben\AppData\Roaming\npm-cache correctMkdir not in flight; initializing
175 http 200 https://registry.npmjs.org/angular-cli
176 verbose headers { server: 'CouchDB/1.5.0 (Erlang OTP/R16B03)',
176 verbose headers   etag: '"EID1VKTL3R55T4KH0O5YDHK8Y"',
176 verbose headers   'content-type': 'application/json',
176 verbose headers   'content-encoding': 'gzip',
176 verbose headers   'cache-control': 'max-age=300',
176 verbose headers   'content-length': '15840',
176 verbose headers   'accept-ranges': 'bytes',
176 verbose headers   date: 'Sun, 17 Jul 2016 07:48:37 GMT',
176 verbose headers   via: '1.1 varnish',
176 verbose headers   age: '126',
176 verbose headers   connection: 'keep-alive',
176 verbose headers   'x-served-by': 'cache-hkg6822-HKG',
176 verbose headers   'x-cache': 'HIT',
176 verbose headers   'x-cache-hits': '1',
176 verbose headers   'x-timer': 'S1468741717.782214,VS0,VE0',
176 verbose headers   vary: 'Accept-Encoding' }
177 silly get cb [ 200,
177 silly get   { server: 'CouchDB/1.5.0 (Erlang OTP/R16B03)',
177 silly get     etag: '"EID1VKTL3R55T4KH0O5YDHK8Y"',
177 silly get     'content-type': 'application/json',
177 silly get     'content-encoding': 'gzip',
177 silly get     'cache-control': 'max-age=300',
177 silly get     'content-length': '15840',
177 silly get     'accept-ranges': 'bytes',
177 silly get     date: 'Sun, 17 Jul 2016 07:48:37 GMT',
177 silly get     via: '1.1 varnish',
177 silly get     age: '126',
177 silly get     connection: 'keep-alive',
177 silly get     'x-served-by': 'cache-hkg6822-HKG',
177 silly get     'x-cache': 'HIT',
177 silly get     'x-cache-hits': '1',
177 silly get     'x-timer': 'S1468741717.782214,VS0,VE0',
177 silly get     vary: 'Accept-Encoding' } ]
178 verbose get saving angular-cli to C:\Users\ben\AppData\Roaming\npm-cache\registry.npmjs.org\angular-cli\.cache.json
179 verbose correctMkdir C:\Users\ben\AppData\Roaming\npm-cache correctMkdir not in flight; initializing
180 http 200 https://registry.npmjs.org/cordova
181 verbose headers { server: 'CouchDB/1.5.0 (Erlang OTP/R16B03)',
181 verbose headers   etag: '"8PELE8LDE8BO18LLYG29Y5XPA"',
181 verbose headers   'content-type': 'application/json',
181 verbose headers   'content-encoding': 'gzip',
181 verbose headers   'cache-control': 'max-age=300',
181 verbose headers   'content-length': '41189',
181 verbose headers   'accept-ranges': 'bytes',
181 verbose headers   date: 'Sun, 17 Jul 2016 07:48:37 GMT',
181 verbose headers   via: '1.1 varnish',
181 verbose headers   age: '276',
181 verbose headers   connection: 'keep-alive',
181 verbose headers   'x-served-by': 'cache-hkg6821-HKG',
181 verbose headers   'x-cache': 'HIT',
181 verbose headers   'x-cache-hits': '5',
181 verbose headers   'x-timer': 'S1468741717.778344,VS0,VE0',
181 verbose headers   vary: 'Accept-Encoding' }
182 silly get cb [ 200,
182 silly get   { server: 'CouchDB/1.5.0 (Erlang OTP/R16B03)',
182 silly get     etag: '"8PELE8LDE8BO18LLYG29Y5XPA"',
182 silly get     'content-type': 'application/json',
182 silly get     'content-encoding': 'gzip',
182 silly get     'cache-control': 'max-age=300',
182 silly get     'content-length': '41189',
182 silly get     'accept-ranges': 'bytes',
182 silly get     date: 'Sun, 17 Jul 2016 07:48:37 GMT',
182 silly get     via: '1.1 varnish',
182 silly get     age: '276',
182 silly get     connection: 'keep-alive',
182 silly get     'x-served-by': 'cache-hkg6821-HKG',
182 silly get     'x-cache': 'HIT',
182 silly get     'x-cache-hits': '5',
182 silly get     'x-timer': 'S1468741717.778344,VS0,VE0',
182 silly get     vary: 'Accept-Encoding' } ]
183 verbose get saving cordova to C:\Users\ben\AppData\Roaming\npm-cache\registry.npmjs.org\cordova\.cache.json
184 verbose correctMkdir C:\Users\ben\AppData\Roaming\npm-cache correctMkdir not in flight; initializing
185 http 200 https://registry.npmjs.org/jshint
186 verbose headers { server: 'CouchDB/1.5.0 (Erlang OTP/R16B03)',
186 verbose headers   etag: '"7H6AWLQR99NUB7PG2MA4G6ERZ"',
186 verbose headers   'content-type': 'application/json',
186 verbose headers   'content-encoding': 'gzip',
186 verbose headers   'cache-control': 'max-age=300',
186 verbose headers   'content-length': '14555',
186 verbose headers   'accept-ranges': 'bytes',
186 verbose headers   date: 'Sun, 17 Jul 2016 07:48:37 GMT',
186 verbose headers   via: '1.1 varnish',
186 verbose headers   age: '97',
186 verbose headers   connection: 'keep-alive',
186 verbose headers   'x-served-by': 'cache-hkg6820-HKG',
186 verbose headers   'x-cache': 'HIT',
186 verbose headers   'x-cache-hits': '1',
186 verbose headers   'x-timer': 'S1468741717.800904,VS0,VE0',
186 verbose headers   vary: 'Accept-Encoding' }
187 silly get cb [ 200,
187 silly get   { server: 'CouchDB/1.5.0 (Erlang OTP/R16B03)',
187 silly get     etag: '"7H6AWLQR99NUB7PG2MA4G6ERZ"',
187 silly get     'content-type': 'application/json',
187 silly get     'content-encoding': 'gzip',
187 silly get     'cache-control': 'max-age=300',
187 silly get     'content-length': '14555',
187 silly get     'accept-ranges': 'bytes',
187 silly get     date: 'Sun, 17 Jul 2016 07:48:37 GMT',
187 silly get     via: '1.1 varnish',
187 silly get     age: '97',
187 silly get     connection: 'keep-alive',
187 silly get     'x-served-by': 'cache-hkg6820-HKG',
187 silly get     'x-cache': 'HIT',
187 silly get     'x-cache-hits': '1',
187 silly get     'x-timer': 'S1468741717.800904,VS0,VE0',
187 silly get     vary: 'Accept-Encoding' } ]
188 verbose get saving jshint to C:\Users\ben\AppData\Roaming\npm-cache\registry.npmjs.org\jshint\.cache.json
189 verbose correctMkdir C:\Users\ben\AppData\Roaming\npm-cache correctMkdir not in flight; initializing
190 http 200 https://registry.npmjs.org/ionic
191 verbose headers { server: 'CouchDB/1.5.0 (Erlang OTP/R16B03)',
191 verbose headers   etag: '"6CYQ3B90FUT1I7UAKADMO3A6V"',
191 verbose headers   'content-type': 'application/json',
191 verbose headers   'content-encoding': 'gzip',
191 verbose headers   'cache-control': 'max-age=300',
191 verbose headers   'content-length': '63631',
191 verbose headers   'accept-ranges': 'bytes',
191 verbose headers   date: 'Sun, 17 Jul 2016 07:48:37 GMT',
191 verbose headers   via: '1.1 varnish',
191 verbose headers   age: '49',
191 verbose headers   connection: 'keep-alive',
191 verbose headers   'x-served-by': 'cache-hkg6820-HKG',
191 verbose headers   'x-cache': 'HIT',
191 verbose headers   'x-cache-hits': '1',
191 verbose headers   'x-timer': 'S1468741717.774644,VS0,VE0',
191 verbose headers   vary: 'Accept-Encoding' }
192 silly get cb [ 200,
192 silly get   { server: 'CouchDB/1.5.0 (Erlang OTP/R16B03)',
192 silly get     etag: '"6CYQ3B90FUT1I7UAKADMO3A6V"',
192 silly get     'content-type': 'application/json',
192 silly get     'content-encoding': 'gzip',
192 silly get     'cache-control': 'max-age=300',
192 silly get     'content-length': '63631',
192 silly get     'accept-ranges': 'bytes',
192 silly get     date: 'Sun, 17 Jul 2016 07:48:37 GMT',
192 silly get     via: '1.1 varnish',
192 silly get     age: '49',
192 silly get     connection: 'keep-alive',
192 silly get     'x-served-by': 'cache-hkg6820-HKG',
192 silly get     'x-cache': 'HIT',
192 silly get     'x-cache-hits': '1',
192 silly get     'x-timer': 'S1468741717.774644,VS0,VE0',
192 silly get     vary: 'Accept-Encoding' } ]
193 verbose get saving ionic to C:\Users\ben\AppData\Roaming\npm-cache\registry.npmjs.org\ionic\.cache.json
194 verbose correctMkdir C:\Users\ben\AppData\Roaming\npm-cache correctMkdir not in flight; initializing
195 http 200 https://registry.npmjs.org/gitbook-cli
196 verbose headers { server: 'CouchDB/1.5.0 (Erlang OTP/R16B03)',
196 verbose headers   etag: '"AGPUZR6PNXT9DHQZ7W9PY7LSU"',
196 verbose headers   'content-type': 'application/json',
196 verbose headers   'content-encoding': 'gzip',
196 verbose headers   'cache-control': 'max-age=300',
196 verbose headers   'content-length': '4708',
196 verbose headers   'accept-ranges': 'bytes',
196 verbose headers   date: 'Sun, 17 Jul 2016 07:48:37 GMT',
196 verbose headers   via: '1.1 varnish',
196 verbose headers   age: '0',
196 verbose headers   connection: 'keep-alive',
196 verbose headers   'x-served-by': 'cache-hkg6826-HKG',
196 verbose headers   'x-cache': 'HIT',
196 verbose headers   'x-cache-hits': '1',
196 verbose headers   'x-timer': 'S1468741717.768575,VS0,VE185',
196 verbose headers   vary: 'Accept-Encoding' }
197 silly get cb [ 200,
197 silly get   { server: 'CouchDB/1.5.0 (Erlang OTP/R16B03)',
197 silly get     etag: '"AGPUZR6PNXT9DHQZ7W9PY7LSU"',
197 silly get     'content-type': 'application/json',
197 silly get     'content-encoding': 'gzip',
197 silly get     'cache-control': 'max-age=300',
197 silly get     'content-length': '4708',
197 silly get     'accept-ranges': 'bytes',
197 silly get     date: 'Sun, 17 Jul 2016 07:48:37 GMT',
197 silly get     via: '1.1 varnish',
197 silly get     age: '0',
197 silly get     connection: 'keep-alive',
197 silly get     'x-served-by': 'cache-hkg6826-HKG',
197 silly get     'x-cache': 'HIT',
197 silly get     'x-cache-hits': '1',
197 silly get     'x-timer': 'S1468741717.768575,VS0,VE185',
197 silly get     vary: 'Accept-Encoding' } ]
198 verbose get saving gitbook-cli to C:\Users\ben\AppData\Roaming\npm-cache\registry.npmjs.org\gitbook-cli\.cache.json
199 verbose correctMkdir C:\Users\ben\AppData\Roaming\npm-cache correctMkdir not in flight; initializing
200 http 200 https://registry.npmjs.org/bower
201 verbose headers { server: 'CouchDB/1.5.0 (Erlang OTP/R16B03)',
201 verbose headers   etag: '"AGDMM96N55KIQKEY6915Q429O"',
201 verbose headers   'content-type': 'application/json',
201 verbose headers   'content-encoding': 'gzip',
201 verbose headers   'cache-control': 'max-age=300',
201 verbose headers   'content-length': '20508',
201 verbose headers   'accept-ranges': 'bytes',
201 verbose headers   date: 'Sun, 17 Jul 2016 07:48:37 GMT',
201 verbose headers   via: '1.1 varnish',
201 verbose headers   age: '0',
201 verbose headers   connection: 'keep-alive',
201 verbose headers   'x-served-by': 'cache-hkg6823-HKG',
201 verbose headers   'x-cache': 'HIT',
201 verbose headers   'x-cache-hits': '1',
201 verbose headers   'x-timer': 'S1468741717.766156,VS0,VE198',
201 verbose headers   vary: 'Accept-Encoding' }
202 silly get cb [ 200,
202 silly get   { server: 'CouchDB/1.5.0 (Erlang OTP/R16B03)',
202 silly get     etag: '"AGDMM96N55KIQKEY6915Q429O"',
202 silly get     'content-type': 'application/json',
202 silly get     'content-encoding': 'gzip',
202 silly get     'cache-control': 'max-age=300',
202 silly get     'content-length': '20508',
202 silly get     'accept-ranges': 'bytes',
202 silly get     date: 'Sun, 17 Jul 2016 07:48:37 GMT',
202 silly get     via: '1.1 varnish',
202 silly get     age: '0',
202 silly get     connection: 'keep-alive',
202 silly get     'x-served-by': 'cache-hkg6823-HKG',
202 silly get     'x-cache': 'HIT',
202 silly get     'x-cache-hits': '1',
202 silly get     'x-timer': 'S1468741717.766156,VS0,VE198',
202 silly get     vary: 'Accept-Encoding' } ]
203 verbose get saving bower to C:\Users\ben\AppData\Roaming\npm-cache\registry.npmjs.org\bower\.cache.json
204 verbose correctMkdir C:\Users\ben\AppData\Roaming\npm-cache correctMkdir not in flight; initializing
205 http 200 https://registry.npmjs.org/npm
206 verbose headers { server: 'CouchDB/1.5.0 (Erlang OTP/R16B03)',
206 verbose headers   etag: '"CQXL4S48D4BOA8WI8P9A2LI68"',
206 verbose headers   'content-type': 'application/json',
206 verbose headers   'content-encoding': 'gzip',
206 verbose headers   'cache-control': 'max-age=300',
206 verbose headers   'content-length': '702729',
206 verbose headers   'accept-ranges': 'bytes',
206 verbose headers   date: 'Sun, 17 Jul 2016 07:48:37 GMT',
206 verbose headers   via: '1.1 varnish',
206 verbose headers   age: '153',
206 verbose headers   connection: 'keep-alive',
206 verbose headers   'x-served-by': 'cache-hkg6824-HKG',
206 verbose headers   'x-cache': 'HIT',
206 verbose headers   'x-cache-hits': '2',
206 verbose headers   'x-timer': 'S1468741717.788760,VS0,VE0',
206 verbose headers   vary: 'Accept-Encoding' }
207 silly get cb [ 200,
207 silly get   { server: 'CouchDB/1.5.0 (Erlang OTP/R16B03)',
207 silly get     etag: '"CQXL4S48D4BOA8WI8P9A2LI68"',
207 silly get     'content-type': 'application/json',
207 silly get     'content-encoding': 'gzip',
207 silly get     'cache-control': 'max-age=300',
207 silly get     'content-length': '702729',
207 silly get     'accept-ranges': 'bytes',
207 silly get     date: 'Sun, 17 Jul 2016 07:48:37 GMT',
207 silly get     via: '1.1 varnish',
207 silly get     age: '153',
207 silly get     connection: 'keep-alive',
207 silly get     'x-served-by': 'cache-hkg6824-HKG',
207 silly get     'x-cache': 'HIT',
207 silly get     'x-cache-hits': '2',
207 silly get     'x-timer': 'S1468741717.788760,VS0,VE0',
207 silly get     vary: 'Accept-Encoding' } ]
208 verbose get saving npm to C:\Users\ben\AppData\Roaming\npm-cache\registry.npmjs.org\npm\.cache.json
209 verbose correctMkdir C:\Users\ben\AppData\Roaming\npm-cache correctMkdir not in flight; initializing
210 http 200 https://registry.npmjs.org/hexo-cli
211 verbose headers { server: 'CouchDB/1.5.0 (Erlang OTP/R16B03)',
211 verbose headers   etag: '"2B3XOX6VZZ3O63S6AIQNHCTCE"',
211 verbose headers   'content-type': 'application/json',
211 verbose headers   'content-encoding': 'gzip',
211 verbose headers   'cache-control': 'max-age=300',
211 verbose headers   'content-length': '3780',
211 verbose headers   'accept-ranges': 'bytes',
211 verbose headers   date: 'Sun, 17 Jul 2016 07:48:38 GMT',
211 verbose headers   via: '1.1 varnish',
211 verbose headers   age: '0',
211 verbose headers   connection: 'keep-alive',
211 verbose headers   'x-served-by': 'cache-hkg6824-HKG',
211 verbose headers   'x-cache': 'HIT',
211 verbose headers   'x-cache-hits': '1',
211 verbose headers   'x-timer': 'S1468741717.772598,VS0,VE779',
211 verbose headers   vary: 'Accept-Encoding' }
212 silly get cb [ 200,
212 silly get   { server: 'CouchDB/1.5.0 (Erlang OTP/R16B03)',
212 silly get     etag: '"2B3XOX6VZZ3O63S6AIQNHCTCE"',
212 silly get     'content-type': 'application/json',
212 silly get     'content-encoding': 'gzip',
212 silly get     'cache-control': 'max-age=300',
212 silly get     'content-length': '3780',
212 silly get     'accept-ranges': 'bytes',
212 silly get     date: 'Sun, 17 Jul 2016 07:48:38 GMT',
212 silly get     via: '1.1 varnish',
212 silly get     age: '0',
212 silly get     connection: 'keep-alive',
212 silly get     'x-served-by': 'cache-hkg6824-HKG',
212 silly get     'x-cache': 'HIT',
212 silly get     'x-cache-hits': '1',
212 silly get     'x-timer': 'S1468741717.772598,VS0,VE779',
212 silly get     vary: 'Accept-Encoding' } ]
213 verbose get saving hexo-cli to C:\Users\ben\AppData\Roaming\npm-cache\registry.npmjs.org\hexo-cli\.cache.json
214 verbose correctMkdir C:\Users\ben\AppData\Roaming\npm-cache correctMkdir not in flight; initializing
215 http 404 https://registry.npmjs.org/vs-tac
216 verbose headers { 'content-type': 'application/json',
216 verbose headers   'cache-control': 'max-age=0',
216 verbose headers   'content-length': '2',
216 verbose headers   'accept-ranges': 'bytes',
216 verbose headers   date: 'Sun, 17 Jul 2016 07:48:38 GMT',
216 verbose headers   via: '1.1 varnish',
216 verbose headers   age: '0',
216 verbose headers   connection: 'keep-alive',
216 verbose headers   'x-served-by': 'cache-hkg6825-HKG',
216 verbose headers   'x-cache': 'MISS',
216 verbose headers   'x-cache-hits': '0',
216 verbose headers   'x-timer': 'S1468741717.762716,VS0,VE880',
216 verbose headers   vary: 'Accept-Encoding' }
217 silly get cb [ 404,
217 silly get   { 'content-type': 'application/json',
217 silly get     'cache-control': 'max-age=0',
217 silly get     'content-length': '2',
217 silly get     'accept-ranges': 'bytes',
217 silly get     date: 'Sun, 17 Jul 2016 07:48:38 GMT',
217 silly get     via: '1.1 varnish',
217 silly get     age: '0',
217 silly get     connection: 'keep-alive',
217 silly get     'x-served-by': 'cache-hkg6825-HKG',
217 silly get     'x-cache': 'MISS',
217 silly get     'x-cache-hits': '0',
217 silly get     'x-timer': 'S1468741717.762716,VS0,VE880',
217 silly get     vary: 'Accept-Encoding' } ]
218 http 304 https://registry.npmjs.org/typescript
219 verbose headers { date: 'Sun, 17 Jul 2016 07:48:37 GMT',
219 verbose headers   via: '1.1 varnish',
219 verbose headers   'cache-control': 'max-age=300',
219 verbose headers   etag: '"82GT15RGI40TYDF097CR6SUCO"',
219 verbose headers   age: '0',
219 verbose headers   connection: 'keep-alive',
219 verbose headers   'x-served-by': 'cache-hkg6823-HKG',
219 verbose headers   'x-cache': 'HIT',
219 verbose headers   'x-cache-hits': '1',
219 verbose headers   'x-timer': 'S1468741717.809138,VS0,VE882',
219 verbose headers   vary: 'Accept-Encoding' }
220 silly get cb [ 304,
220 silly get   { date: 'Sun, 17 Jul 2016 07:48:37 GMT',
220 silly get     via: '1.1 varnish',
220 silly get     'cache-control': 'max-age=300',
220 silly get     etag: '"82GT15RGI40TYDF097CR6SUCO"',
220 silly get     age: '0',
220 silly get     connection: 'keep-alive',
220 silly get     'x-served-by': 'cache-hkg6823-HKG',
220 silly get     'x-cache': 'HIT',
220 silly get     'x-cache-hits': '1',
220 silly get     'x-timer': 'S1468741717.809138,VS0,VE882',
220 silly get     vary: 'Accept-Encoding' } ]
221 verbose etag https://registry.npmjs.org/typescript from cache
222 verbose get saving typescript to C:\Users\ben\AppData\Roaming\npm-cache\registry.npmjs.org\typescript\.cache.json
223 verbose correctMkdir C:\Users\ben\AppData\Roaming\npm-cache correctMkdir not in flight; initializing
224 http 200 https://registry.npmjs.org/gitbook
225 verbose headers { server: 'CouchDB/1.6.1 (Erlang OTP/R16B03)',
225 verbose headers   etag: '"CY8OUQQ461Z11058OKYEEEHJ7"',
225 verbose headers   'content-type': 'application/json',
225 verbose headers   'content-encoding': 'gzip',
225 verbose headers   'cache-control': 'max-age=300',
225 verbose headers   'content-length': '23727',
225 verbose headers   'accept-ranges': 'bytes',
225 verbose headers   date: 'Sun, 17 Jul 2016 07:48:39 GMT',
225 verbose headers   via: '1.1 varnish',
225 verbose headers   age: '0',
225 verbose headers   connection: 'keep-alive',
225 verbose headers   'x-served-by': 'cache-hkg6821-HKG',
225 verbose headers   'x-cache': 'MISS',
225 verbose headers   'x-cache-hits': '0',
225 verbose headers   'x-timer': 'S1468741717.768969,VS0,VE1246',
225 verbose headers   vary: 'Accept-Encoding' }
226 silly get cb [ 200,
226 silly get   { server: 'CouchDB/1.6.1 (Erlang OTP/R16B03)',
226 silly get     etag: '"CY8OUQQ461Z11058OKYEEEHJ7"',
226 silly get     'content-type': 'application/json',
226 silly get     'content-encoding': 'gzip',
226 silly get     'cache-control': 'max-age=300',
226 silly get     'content-length': '23727',
226 silly get     'accept-ranges': 'bytes',
226 silly get     date: 'Sun, 17 Jul 2016 07:48:39 GMT',
226 silly get     via: '1.1 varnish',
226 silly get     age: '0',
226 silly get     connection: 'keep-alive',
226 silly get     'x-served-by': 'cache-hkg6821-HKG',
226 silly get     'x-cache': 'MISS',
226 silly get     'x-cache-hits': '0',
226 silly get     'x-timer': 'S1468741717.768969,VS0,VE1246',
226 silly get     vary: 'Accept-Encoding' } ]
227 verbose get saving gitbook to C:\Users\ben\AppData\Roaming\npm-cache\registry.npmjs.org\gitbook\.cache.json
228 verbose correctMkdir C:\Users\ben\AppData\Roaming\npm-cache correctMkdir not in flight; initializing
229 verbose stack Error: Registry returned 404 for GET on https://registry.npmjs.org/vs-tac
229 verbose stack     at makeError (C:\Users\ben\AppData\Roaming\npm\node_modules\npm\node_modules\npm-registry-client\lib\request.js:264:12)
229 verbose stack     at CachingRegistryClient.<anonymous> (C:\Users\ben\AppData\Roaming\npm\node_modules\npm\node_modules\npm-registry-client\lib\request.js:242:14)
229 verbose stack     at Request._callback (C:\Users\ben\AppData\Roaming\npm\node_modules\npm\node_modules\npm-registry-client\lib\request.js:172:14)
229 verbose stack     at Request.self.callback (C:\Users\ben\AppData\Roaming\npm\node_modules\npm\node_modules\request\request.js:200:22)
229 verbose stack     at emitTwo (events.js:87:13)
229 verbose stack     at Request.emit (events.js:172:7)
229 verbose stack     at Request.<anonymous> (C:\Users\ben\AppData\Roaming\npm\node_modules\npm\node_modules\request\request.js:1067:10)
229 verbose stack     at emitOne (events.js:82:20)
229 verbose stack     at Request.emit (events.js:169:7)
229 verbose stack     at IncomingMessage.<anonymous> (C:\Users\ben\AppData\Roaming\npm\node_modules\npm\node_modules\request\request.js:988:12)
230 verbose statusCode 404
231 verbose pkgid vs-tac
232 verbose cwd G:\Dropbox\hexo\simsben\public
233 error Windows_NT 10.0.10240
234 error argv "F:\\Program Files (x86)\\nodejs\\node.exe" "C:\\Users\\ben\\AppData\\Roaming\\npm\\node_modules\\npm\\bin\\npm-cli.js" "update" "-g"
235 error node v4.4.5
236 error npm  v3.9.6
237 error code E404
238 error 404 Registry returned 404 for GET on https://registry.npmjs.org/vs-tac
239 error 404
240 error 404 'vs-tac' is not in the npm registry.
241 error 404 You should bug the author to publish it (or use the name yourself!)
242 error 404 Note that you can also install from a
243 error 404 tarball, folder, http url, or git url.
244 verbose exit [ 1, true ]
